[debug] [2022-05-09T12:52:16.368Z] ----------------------------------------------------------------------
[debug] [2022-05-09T12:52:16.369Z] Command:       /Users/damiensauvagere/.nvm/versions/node/v14.17.6/bin/node /Users/damiensauvagere/.nvm/versions/node/v14.17.6/bin/firebase init hosting
[debug] [2022-05-09T12:52:16.369Z] CLI Version:   10.8.0
[debug] [2022-05-09T12:52:16.369Z] Platform:      darwin
[debug] [2022-05-09T12:52:16.369Z] Node Version:  v14.17.6
[debug] [2022-05-09T12:52:16.369Z] Time:          Mon May 09 2022 14:52:16 GMT+0200 (Central European Summer Time)
[debug] [2022-05-09T12:52:16.370Z] ----------------------------------------------------------------------
[debug] 
[debug] [2022-05-09T12:52:16.372Z] > command requires scopes: ["email","openid","https://www.googleapis.com/auth/cloudplatformprojects.readonly","https://www.googleapis.com/auth/firebase","https://www.googleapis.com/auth/cloud-platform"]
[debug] [2022-05-09T12:52:16.372Z] > authorizing via signed-in user (pierreval.dev@gmail.com)
[info] 
     ######## #### ########  ######## ########     ###     ######  ########
     ##        ##  ##     ## ##       ##     ##  ##   ##  ##       ##
     ######    ##  ########  ######   ########  #########  ######  ######
     ##        ##  ##    ##  ##       ##     ## ##     ##       ## ##
     ##       #### ##     ## ######## ########  ##     ##  ######  ########

You're about to initialize a Firebase project in this directory:

  /Users/damiensauvagere/dev/pwa-notifications

[info] 
=== Project Setup
[info] 
[info] First, let's associate this project directory with a Firebase project.
[info] You can create multiple project aliases by running firebase use --add, 
[info] but for now we'll just set up a default project.
[info] 
[debug] [2022-05-09T12:52:21.055Z] >>> [apiv2][query] GET https://firebase.googleapis.com/v1beta1/projects pageSize=100
[debug] [2022-05-09T12:52:21.569Z] <<< [apiv2][status] GET https://firebase.googleapis.com/v1beta1/projects 200
[debug] [2022-05-09T12:52:21.570Z] <<< [apiv2][body] GET https://firebase.googleapis.com/v1beta1/projects [omitted]
[info] i  Using project pwa-notif-damien (pwa-notif) 
[info] 
=== Hosting Setup
[info] 
[info] Your public directory is the folder (relative to your project directory) that
[info] will contain Hosting assets to be uploaded with firebase deploy. If you
[info] have a build process for your assets, use your build's output directory.
[info] 
[info] ✔  Wrote public/404.html 
[debug] [2022-05-09T12:53:01.394Z] >>> [apiv2][query] GET https://www.gstatic.com/firebasejs/releases.json [none]
[debug] [2022-05-09T12:53:01.461Z] <<< [apiv2][status] GET https://www.gstatic.com/firebasejs/releases.json 200
[debug] [2022-05-09T12:53:01.461Z] <<< [apiv2][body] GET https://www.gstatic.com/firebasejs/releases.json {"current":{"version":"9.8.0","browserURL":"https://www.gstatic.com/firebasejs/9.8.0/firebase.js","packageURL":"https://www.gstatic.com/firebasejs/9.8.0/firebase.tgz"},"live":{"version":"9.8","browserURL":"https://www.gstatic.com/firebasejs/live/9.8/firebase.js","packageURL":"https://www.gstatic.com/firebasejs/live/9.8/firebase.tgz"},"components":{"analytics":"https://www.gstatic.com/firebasejs/9.8.0/firebase-analytics.js","app":"https://www.gstatic.com/firebasejs/9.8.0/firebase-app.js","app-check":"https://www.gstatic.com/firebasejs/9.8.0/firebase-app-check.js","auth":"https://www.gstatic.com/firebasejs/9.8.0/firebase-auth.js","auth/cordova":"https://www.gstatic.com/firebasejs/9.8.0/firebase-auth/cordova.js","auth/react-native":"https://www.gstatic.com/firebasejs/9.8.0/firebase-auth/react-native.js","functions":"https://www.gstatic.com/firebasejs/9.8.0/firebase-functions.js","firestore":"https://www.gstatic.com/firebasejs/9.8.0/firebase-firestore.js","firestore/lite":"https://www.gstatic.com/firebasejs/9.8.0/firebase-firestore/lite.js","storage":"https://www.gstatic.com/firebasejs/9.8.0/firebase-storage.js","performance":"https://www.gstatic.com/firebasejs/9.8.0/firebase-performance.js","remote-config":"https://www.gstatic.com/firebasejs/9.8.0/firebase-remote-config.js","messaging":"https://www.gstatic.com/firebasejs/9.8.0/firebase-messaging.js","messaging/sw":"https://www.gstatic.com/firebasejs/9.8.0/firebase-messaging/sw.js","database":"https://www.gstatic.com/firebasejs/9.8.0/firebase-database.js","firestore.memory":"https://www.gstatic.com/firebasejs/9.8.0/firebase-firestore.memory.js"}}
[info] ✔  Wrote public/index.html 
[info] 
[info] i  Detected a .git folder at /Users/damiensauvagere/dev/pwa-notifications 
[info] i  Authorizing with GitHub to upload your service account to a GitHub repository's secrets store. 
[info] 
[info] Visit this URL on this device to log in:
[info] https://github.com/login/oauth/authorize?client_id=89cf50f02ac6aaed3484&state=765027945&redirect_uri=http%3A%2F%2Flocalhost%3A9005&scope=read%3Auser%20repo%20public_repo
[info] 
[info] Waiting for authentication...
[debug] [2022-05-09T12:54:07.893Z] >>> HTTP REQUEST POST https://github.com/login/oauth/access_token  
 {"client_id":"89cf50f02ac6aaed3484","client_secret":"3330d14abc895d9a74d5f17cd7a00711fa2c5bf0","code":"8a9dcef93e87fce11578","redirect_uri":"http://localhost:9005","state":"765027945"}
[debug] [2022-05-09T12:54:08.169Z] <<< HTTP RESPONSE 200 {"server":"GitHub.com","date":"Mon, 09 May 2022 12:54:08 GMT","content-type":"application/json; charset=utf-8","transfer-encoding":"chunked","vary":"X-PJAX, X-PJAX-Container, Accept-Encoding, Accept, X-Requested-With","permissions-policy":"interest-cohort=()","etag":"W/\"e950b853d2cf8743a5a9796c5a8fe1f1\"","cache-control":"max-age=0, private, must-revalidate","strict-transport-security":"max-age=31536000; includeSubdomains; preload","x-frame-options":"deny","x-content-type-options":"nosniff","x-xss-protection":"0","referrer-policy":"origin-when-cross-origin, strict-origin-when-cross-origin","expect-ct":"max-age=2592000, report-uri=\"https://api.github.com/_private/browser/errors\"","content-security-policy":"default-src 'none'; base-uri 'self'; block-all-mixed-content; child-src github.com/assets-cdn/worker/ gist.github.com/assets-cdn/worker/; connect-src 'self' uploads.github.com objects-origin.githubusercontent.com www.githubstatus.com collector.github.com raw.githubusercontent.com api.github.com github-cloud.s3.amazonaws.com github-production-repository-file-5c1aeb.s3.amazonaws.com github-production-upload-manifest-file-7fdce7.s3.amazonaws.com github-production-user-asset-6210df.s3.amazonaws.com cdn.optimizely.com logx.optimizely.com/v1/events translator.github.com *.actions.githubusercontent.com wss://*.actions.githubusercontent.com online.visualstudio.com/api/v1/locations github-production-repository-image-32fea6.s3.amazonaws.com github-production-release-asset-2e65be.s3.amazonaws.com insights.github.com wss://alive.github.com; font-src github.githubassets.com; form-action 'self' github.com gist.github.com objects-origin.githubusercontent.com; frame-ancestors 'none'; frame-src render.githubusercontent.com viewscreen.githubusercontent.com notebooks.githubusercontent.com; img-src 'self' data: github.githubassets.com identicons.github.com github-cloud.s3.amazonaws.com secured-user-images.githubusercontent.com/ *.githubusercontent.com; manifest-src 'self'; media-src github.com user-images.githubusercontent.com/; script-src github.githubassets.com; style-src 'unsafe-inline' github.githubassets.com; worker-src github.com/assets-cdn/worker/ gist.github.com/assets-cdn/worker/","x-github-request-id":"E004:DE3D:2F73EE:31A500:62790EEF"}
[debug] [2022-05-09T12:54:08.176Z] >>> [apiv2][query] GET https://api.github.com/user [none]
[debug] [2022-05-09T12:54:08.462Z] <<< [apiv2][status] GET https://api.github.com/user 200
[debug] [2022-05-09T12:54:08.462Z] <<< [apiv2][body] GET https://api.github.com/user {"login":"codams","id":7759894,"node_id":"MDQ6VXNlcjc3NTk4OTQ=","avatar_url":"https://avatars.githubusercontent.com/u/7759894?v=4","gravatar_id":"","url":"https://api.github.com/users/codams","html_url":"https://github.com/codams","followers_url":"https://api.github.com/users/codams/followers","following_url":"https://api.github.com/users/codams/following{/other_user}","gists_url":"https://api.github.com/users/codams/gists{/gist_id}","starred_url":"https://api.github.com/users/codams/starred{/owner}{/repo}","subscriptions_url":"https://api.github.com/users/codams/subscriptions","organizations_url":"https://api.github.com/users/codams/orgs","repos_url":"https://api.github.com/users/codams/repos","events_url":"https://api.github.com/users/codams/events{/privacy}","received_events_url":"https://api.github.com/users/codams/received_events","type":"User","site_admin":false,"name":"Dam'","company":null,"blog":"","location":"France","email":"damsauvagere@gmail.com","hireable":null,"bio":null,"twitter_username":null,"public_repos":41,"public_gists":1,"followers":1,"following":17,"created_at":"2014-06-01T11:01:03Z","updated_at":"2022-05-07T23:27:37Z","private_gists":4,"total_private_repos":4,"owned_private_repos":4,"disk_usage":53341,"collaborators":0,"two_factor_authentication":false,"plan":{"name":"free","space":976562499,"collaborators":0,"private_repos":10000}}
[info] 
[info] ✔  Success! Logged into GitHub as codams 
[info] 
